<?xml version="1.0" encoding="UTF-8"?>
<!-- Generated by org.testng.reporters.JUnitReportReporter -->
<testsuite hostname="LAPTOP-4FSCT9C5" failures="0" tests="3" name="com.AutomationScript.sample.Automate" time="49.906" errors="0" timestamp="2021-03-05T18:13:37 IST" skipped="0">
  <testcase classname="com.AutomationScript.sample.Automate" name="searchForHospital" time="24.548"/>
  <system-out/>
  <testcase classname="com.AutomationScript.sample.Automate" name="TopCities" time="10.492"/>
  <system-out/>
  <testcase classname="com.AutomationScript.sample.Automate" name="CaptureAlert" time="14.866"/>
  <system-out/>
</testsuite> <!-- com.AutomationScript.sample.Automate -->
